2019-12-26 19:44:42,977 [Worker-4: Loading available Gradle versions] INFO  o.e.b.c.i.u.g.PublishedGradleVersions - Gradle version information cache is up-to-date. Trying to read.
2019-12-26 19:45:27,992 [Worker-3: Repository registry initialization] ERROR o.e.m.c.i.i.nexus.NexusIndexManager - Error changing index details central|https://repo.maven.apache.org/maven2
java.io.FileNotFoundException: C:\Users\sunda\eclipse-workspace\.metadata\.plugins\org.eclipse.m2e.core\nexus\05b0fe8524860bd73cbb07ef30fb34cc\_u.cfs (The system cannot find the file specified)
	at java.base/java.io.RandomAccessFile.open0(Native Method) ~[na:na]
	at java.base/java.io.RandomAccessFile.open(RandomAccessFile.java:345) ~[na:na]
	at java.base/java.io.RandomAccessFile.<init>(RandomAccessFile.java:259) ~[na:na]
	at java.base/java.io.RandomAccessFile.<init>(RandomAccessFile.java:214) ~[na:na]
	at org.apache.lucene.store.FSDirectory$FSIndexInput$Descriptor.<init>(FSDirectory.java:552) ~[na:na]
	at org.apache.lucene.store.FSDirectory$FSIndexInput.<init>(FSDirectory.java:582) ~[na:na]
	at org.apache.lucene.store.FSDirectory.openInput(FSDirectory.java:488) ~[na:na]
	at org.apache.lucene.index.CompoundFileReader.<init>(CompoundFileReader.java:70) ~[na:na]
	at org.apache.lucene.index.SegmentReader.initialize(SegmentReader.java:321) ~[na:na]
	at org.apache.lucene.index.SegmentReader.get(SegmentReader.java:306) ~[na:na]
	at org.apache.lucene.index.SegmentReader.get(SegmentReader.java:236) ~[na:na]
	at org.apache.lucene.index.DocumentsWriter.applyDeletes(DocumentsWriter.java:915) ~[na:na]
	at org.apache.lucene.index.IndexWriter.applyDeletes(IndexWriter.java:4339) ~[na:na]
	at org.apache.lucene.index.IndexWriter.doFlush(IndexWriter.java:3579) ~[na:na]
	at org.apache.lucene.index.IndexWriter.flush(IndexWriter.java:3450) ~[na:na]
	at org.apache.lucene.index.IndexWriter.closeInternal(IndexWriter.java:1638) ~[na:na]
	at org.apache.lucene.index.IndexWriter.close(IndexWriter.java:1602) ~[na:na]
	at org.apache.lucene.index.IndexWriter.close(IndexWriter.java:1578) ~[na:na]
	at org.apache.maven.index.context.NexusIndexWriter.close(NexusIndexWriter.java:58) ~[na:na]
	at org.apache.maven.index.context.DefaultIndexingContext.prepareCleanIndex(DefaultIndexingContext.java:235) ~[na:na]
	at org.apache.maven.index.context.DefaultIndexingContext.prepareIndex(DefaultIndexingContext.java:205) ~[na:na]
	at org.apache.maven.index.context.DefaultIndexingContext.<init>(DefaultIndexingContext.java:173) ~[na:na]
	at org.apache.maven.index.DefaultNexusIndexer.addIndexingContextForced(DefaultNexusIndexer.java:160) ~[na:na]
	at org.eclipse.m2e.core.internal.index.nexus.NexusIndexManager.createIndexingContext(NexusIndexManager.java:965) ~[na:na]
	at org.eclipse.m2e.core.internal.index.nexus.NexusIndexManager.setIndexDetails(NexusIndexManager.java:932) ~[na:na]
	at org.eclipse.m2e.core.internal.index.nexus.NexusIndexManager.repositoryAdded(NexusIndexManager.java:878) ~[na:na]
	at org.eclipse.m2e.core.internal.repository.RepositoryRegistry.addRepository(RepositoryRegistry.java:163) ~[na:na]
	at org.eclipse.m2e.core.internal.repository.RepositoryRegistry.updateRegistry(RepositoryRegistry.java:263) ~[na:na]
	at org.eclipse.m2e.core.internal.repository.RepositoryRegistryUpdateJob.run(RepositoryRegistryUpdateJob.java:47) ~[na:na]
	at org.eclipse.core.internal.jobs.Worker.run(Worker.java:63) ~[org.eclipse.core.jobs_3.10.500.v20190620-1426.jar:na]
2019-12-26 19:45:28,005 [Worker-3: Repository registry initialization] ERROR o.e.m.c.i.r.RepositoryRegistry - Could not add repository index
org.eclipse.core.runtime.CoreException: Could not add repository index
	at org.eclipse.m2e.core.internal.index.nexus.NexusIndexManager.setIndexDetails(NexusIndexManager.java:945) ~[na:na]
	at org.eclipse.m2e.core.internal.index.nexus.NexusIndexManager.repositoryAdded(NexusIndexManager.java:878) ~[na:na]
	at org.eclipse.m2e.core.internal.repository.RepositoryRegistry.addRepository(RepositoryRegistry.java:163) ~[na:na]
	at org.eclipse.m2e.core.internal.repository.RepositoryRegistry.updateRegistry(RepositoryRegistry.java:263) ~[na:na]
	at org.eclipse.m2e.core.internal.repository.RepositoryRegistryUpdateJob.run(RepositoryRegistryUpdateJob.java:47) ~[na:na]
	at org.eclipse.core.internal.jobs.Worker.run(Worker.java:63) ~[org.eclipse.core.jobs_3.10.500.v20190620-1426.jar:na]
Caused by: java.io.FileNotFoundException: C:\Users\sunda\eclipse-workspace\.metadata\.plugins\org.eclipse.m2e.core\nexus\05b0fe8524860bd73cbb07ef30fb34cc\_u.cfs (The system cannot find the file specified)
	at java.base/java.io.RandomAccessFile.open0(Native Method) ~[na:na]
	at java.base/java.io.RandomAccessFile.open(RandomAccessFile.java:345) ~[na:na]
	at java.base/java.io.RandomAccessFile.<init>(RandomAccessFile.java:259) ~[na:na]
	at java.base/java.io.RandomAccessFile.<init>(RandomAccessFile.java:214) ~[na:na]
	at org.apache.lucene.store.FSDirectory$FSIndexInput$Descriptor.<init>(FSDirectory.java:552) ~[na:na]
	at org.apache.lucene.store.FSDirectory$FSIndexInput.<init>(FSDirectory.java:582) ~[na:na]
	at org.apache.lucene.store.FSDirectory.openInput(FSDirectory.java:488) ~[na:na]
	at org.apache.lucene.index.CompoundFileReader.<init>(CompoundFileReader.java:70) ~[na:na]
	at org.apache.lucene.index.SegmentReader.initialize(SegmentReader.java:321) ~[na:na]
	at org.apache.lucene.index.SegmentReader.get(SegmentReader.java:306) ~[na:na]
	at org.apache.lucene.index.SegmentReader.get(SegmentReader.java:236) ~[na:na]
	at org.apache.lucene.index.DocumentsWriter.applyDeletes(DocumentsWriter.java:915) ~[na:na]
	at org.apache.lucene.index.IndexWriter.applyDeletes(IndexWriter.java:4339) ~[na:na]
	at org.apache.lucene.index.IndexWriter.doFlush(IndexWriter.java:3579) ~[na:na]
	at org.apache.lucene.index.IndexWriter.flush(IndexWriter.java:3450) ~[na:na]
	at org.apache.lucene.index.IndexWriter.closeInternal(IndexWriter.java:1638) ~[na:na]
	at org.apache.lucene.index.IndexWriter.close(IndexWriter.java:1602) ~[na:na]
	at org.apache.lucene.index.IndexWriter.close(IndexWriter.java:1578) ~[na:na]
	at org.apache.maven.index.context.NexusIndexWriter.close(NexusIndexWriter.java:58) ~[na:na]
	at org.apache.maven.index.context.DefaultIndexingContext.prepareCleanIndex(DefaultIndexingContext.java:235) ~[na:na]
	at org.apache.maven.index.context.DefaultIndexingContext.prepareIndex(DefaultIndexingContext.java:205) ~[na:na]
	at org.apache.maven.index.context.DefaultIndexingContext.<init>(DefaultIndexingContext.java:173) ~[na:na]
	at org.apache.maven.index.DefaultNexusIndexer.addIndexingContextForced(DefaultNexusIndexer.java:160) ~[na:na]
	at org.eclipse.m2e.core.internal.index.nexus.NexusIndexManager.createIndexingContext(NexusIndexManager.java:965) ~[na:na]
	at org.eclipse.m2e.core.internal.index.nexus.NexusIndexManager.setIndexDetails(NexusIndexManager.java:932) ~[na:na]
	... 5 common frames omitted
2019-12-26 19:45:43,933 [Worker-5: Update Maven projects configuration] INFO  o.e.m.c.i.p.ProjectConfigurationManager - Update started
2019-12-26 19:45:49,984 [Worker-5: Update Maven projects configuration] INFO  o.e.m.c.i.l.LifecycleMappingFactory - Using org.eclipse.m2e.jdt.JarLifecycleMapping lifecycle mapping for MavenProject: com.hare.krsna:restful-web-services1:0.0.1-SNAPSHOT @ C:\Users\sunda\eclipse-workspace\MicroServices\pom.xml.
2019-12-26 19:45:53,220 [Worker-5: Update Maven projects configuration] INFO  o.e.m.c.i.l.LifecycleMappingFactory - Using org.eclipse.m2e.jdt.JarLifecycleMapping lifecycle mapping for MavenProject: com.hare.krsna:spring-in-5-steps:0.0.1-SNAPSHOT @ C:\Users\sunda\eclipse-workspace\SpringFramework\pom.xml.
2019-12-26 19:45:59,281 [Worker-5: Update Maven projects configuration] INFO  o.e.m.j.i.AbstractJavaProjectConfigurator - Adding source folder /SpringFramework/src/main/java
2019-12-26 19:45:59,281 [Worker-5: Update Maven projects configuration] INFO  o.e.m.j.i.AbstractJavaProjectConfigurator - Adding resource folder /SpringFramework/src/main/resources
2019-12-26 19:45:59,339 [Worker-5: Update Maven projects configuration] INFO  o.e.m.j.i.AbstractJavaProjectConfigurator - Adding resource folder /SpringFramework/src/main/resources
2019-12-26 19:45:59,360 [Worker-5: Update Maven projects configuration] INFO  o.e.m.j.i.AbstractJavaProjectConfigurator - Adding source folder /SpringFramework/src/test/java
2019-12-26 19:46:04,116 [Worker-5: Update Maven projects configuration] INFO  o.e.m.j.i.AbstractJavaProjectConfigurator - Adding source folder /MicroServices/src/main/java
2019-12-26 19:46:04,116 [Worker-5: Update Maven projects configuration] INFO  o.e.m.j.i.AbstractJavaProjectConfigurator - Adding resource folder /MicroServices/src/main/resources
2019-12-26 19:46:04,123 [Worker-5: Update Maven projects configuration] INFO  o.e.m.j.i.AbstractJavaProjectConfigurator - Adding resource folder /MicroServices/src/main/resources
2019-12-26 19:46:04,153 [Worker-5: Update Maven projects configuration] INFO  o.e.m.j.i.AbstractJavaProjectConfigurator - Adding source folder /MicroServices/src/test/java
2019-12-26 19:46:06,237 [Worker-5: Update Maven projects configuration] INFO  o.e.m.c.i.p.ProjectConfigurationManager - Update completed: 22 sec
2019-12-26 19:46:06,366 [Worker-5: Update Maven projects configuration] INFO  o.e.m.c.i.p.ProjectConfigurationManager - Update started
2019-12-26 19:46:09,362 [Worker-5: Update Maven projects configuration] INFO  o.e.m.c.i.l.LifecycleMappingFactory - Using org.eclipse.m2e.jdt.JarLifecycleMapping lifecycle mapping for MavenProject: com.hare.krsna:restful-web-services1:0.0.1-SNAPSHOT @ C:\Users\sunda\eclipse-workspace\MicroServices\pom.xml.
2019-12-26 19:46:10,649 [Worker-5: Update Maven projects configuration] INFO  o.e.m.c.i.l.LifecycleMappingFactory - Using org.eclipse.m2e.jdt.JarLifecycleMapping lifecycle mapping for MavenProject: com.hare.krsna:mockito-demo:0.0.1-SNAPSHOT @ C:\Users\sunda\eclipse-workspace\mockito-demo\pom.xml.
2019-12-26 19:46:11,320 [Worker-5: Update Maven projects configuration] INFO  o.e.m.c.i.l.LifecycleMappingFactory - Using org.eclipse.m2e.jdt.JarLifecycleMapping lifecycle mapping for MavenProject: com.hare.krsna:spring-in-5-steps:0.0.1-SNAPSHOT @ C:\Users\sunda\eclipse-workspace\SpringFramework\pom.xml.
2019-12-26 19:46:15,547 [Worker-5: Update Maven projects configuration] INFO  o.e.m.j.i.AbstractJavaProjectConfigurator - Adding source folder /mockito-demo/src/main/java
2019-12-26 19:46:15,547 [Worker-5: Update Maven projects configuration] INFO  o.e.m.j.i.AbstractJavaProjectConfigurator - Adding resource folder /mockito-demo/src/main/resources
2019-12-26 19:46:15,560 [Worker-5: Update Maven projects configuration] INFO  o.e.m.j.i.AbstractJavaProjectConfigurator - Adding resource folder /mockito-demo/src/main/resources
2019-12-26 19:46:15,575 [Worker-5: Update Maven projects configuration] INFO  o.e.m.j.i.AbstractJavaProjectConfigurator - Adding source folder /mockito-demo/src/test/java
2019-12-26 19:46:16,921 [Worker-5: Update Maven projects configuration] INFO  o.e.m.j.i.AbstractJavaProjectConfigurator - Adding source folder /SpringFramework/src/main/java
2019-12-26 19:46:16,922 [Worker-5: Update Maven projects configuration] INFO  o.e.m.j.i.AbstractJavaProjectConfigurator - Adding resource folder /SpringFramework/src/main/resources
2019-12-26 19:46:16,924 [Worker-5: Update Maven projects configuration] INFO  o.e.m.j.i.AbstractJavaProjectConfigurator - Adding resource folder /SpringFramework/src/main/resources
2019-12-26 19:46:17,070 [Worker-5: Update Maven projects configuration] INFO  o.e.m.j.i.AbstractJavaProjectConfigurator - Adding source folder /SpringFramework/src/test/java
2019-12-26 19:46:17,768 [Worker-5: Update Maven projects configuration] INFO  o.e.m.j.i.AbstractJavaProjectConfigurator - Adding source folder /MicroServices/src/main/java
2019-12-26 19:46:17,768 [Worker-5: Update Maven projects configuration] INFO  o.e.m.j.i.AbstractJavaProjectConfigurator - Adding resource folder /MicroServices/src/main/resources
2019-12-26 19:46:17,775 [Worker-5: Update Maven projects configuration] INFO  o.e.m.j.i.AbstractJavaProjectConfigurator - Adding resource folder /MicroServices/src/main/resources
2019-12-26 19:46:17,782 [Worker-5: Update Maven projects configuration] INFO  o.e.m.j.i.AbstractJavaProjectConfigurator - Adding source folder /MicroServices/src/test/java
2019-12-26 19:46:18,553 [Worker-5: Update Maven projects configuration] INFO  o.e.m.c.i.p.ProjectConfigurationManager - Update completed: 12 sec
2019-12-26 19:46:20,002 [Worker-17: Building workspace] INFO  o.e.m.c.i.embedder.EclipseLogger - Using 'UTF-8' encoding to copy filtered resources.
2019-12-26 19:46:20,007 [Worker-17: Building workspace] INFO  o.e.m.c.i.embedder.EclipseLogger - Copying 1 resource
2019-12-26 19:46:20,027 [Worker-17: Building workspace] INFO  o.e.m.c.i.embedder.EclipseLogger - Copying 0 resource
2019-12-26 19:46:20,034 [Worker-17: Building workspace] INFO  o.e.m.c.i.embedder.EclipseLogger - Using 'UTF-8' encoding to copy filtered resources.
2019-12-26 19:46:20,034 [Worker-17: Building workspace] INFO  o.e.m.c.i.embedder.EclipseLogger - skip non existing resourceDirectory C:\Users\sunda\eclipse-workspace\MicroServices\src\test\resources
2019-12-26 19:46:22,436 [Worker-17: Building workspace] INFO  o.e.m.c.i.embedder.EclipseLogger - Using 'UTF-8' encoding to copy filtered resources.
2019-12-26 19:46:22,437 [Worker-17: Building workspace] INFO  o.e.m.c.i.embedder.EclipseLogger - Copying 1 resource
2019-12-26 19:46:22,458 [Worker-17: Building workspace] INFO  o.e.m.c.i.embedder.EclipseLogger - Copying 2 resources
2019-12-26 19:46:22,481 [Worker-17: Building workspace] INFO  o.e.m.c.i.embedder.EclipseLogger - Using 'UTF-8' encoding to copy filtered resources.
2019-12-26 19:46:22,481 [Worker-17: Building workspace] INFO  o.e.m.c.i.embedder.EclipseLogger - skip non existing resourceDirectory C:\Users\sunda\eclipse-workspace\SpringFramework\src\test\resources
2019-12-26 19:46:24,139 [Worker-14: Building workspace] INFO  o.e.m.c.i.embedder.EclipseLogger - Using 'UTF-8' encoding to copy filtered resources.
2019-12-26 19:46:24,141 [Worker-14: Building workspace] INFO  o.e.m.c.i.embedder.EclipseLogger - Copying 1 resource
2019-12-26 19:46:24,144 [Worker-14: Building workspace] INFO  o.e.m.c.i.embedder.EclipseLogger - Copying 0 resource
2019-12-26 19:46:24,148 [Worker-14: Building workspace] INFO  o.e.m.c.i.embedder.EclipseLogger - Using 'UTF-8' encoding to copy filtered resources.
2019-12-26 19:46:24,149 [Worker-14: Building workspace] INFO  o.e.m.c.i.embedder.EclipseLogger - skip non existing resourceDirectory C:\Users\sunda\eclipse-workspace\mockito-demo\src\test\resources
