#
# A fatal error has been detected by the Java Runtime Environment:
#
#  EXCEPTION_ACCESS_VIOLATION (0xc0000005) at pc=0x00007ff996d67509, pid=16200, tid=2792
#
# JRE version: Java(TM) SE Runtime Environment (11.0.5+10) (build 11.0.5+10-LTS)
# Java VM: Java HotSpot(TM) 64-Bit Server VM (11.0.5+10-LTS, mixed mode, tiered, compressed oops, g1 gc, windows-amd64)
# Problematic frame:
# V  [jvm.dll+0x257509]
#
# No core dump will be written. Minidumps are not enabled by default on client versions of Windows
#
# If you would like to submit a bug report, please visit:
#   http://bugreport.java.com/bugreport/crash.jsp
#

---------------  S U M M A R Y ------------

Command Line: -agentlib:jdwp=transport=dt_socket,suspend=y,address=localhost:58554 -javaagent:C:\Users\sunda\eclipse\jee-2019-09\eclipse\configuration\org.eclipse.osgi\412\0\.cp\lib\javaagent-shaded.jar -Dfile.encoding=Cp1252 Solution

Host: Intel(R) Pentium(R) CPU G2010 @ 2.80GHz, 2 cores, 7G,  Windows 10 , 64 bit Build 18362 (10.0.18362.329)
Time: Thu Dec 12 18:22:00 2019 India Standard Time elapsed time: 269 seconds (0d 0h 4m 29s)

---------------  T H R E A D  ---------------

Current thread (0x000001c47ef0b000):  VMThread "VM Thread" [stack: 0x0000000704900000,0x0000000704a00000] [id=2792]

Stack: [0x0000000704900000,0x0000000704a00000],  sp=0x00000007049febc8,  free space=1018k
Native frames: (J=compiled Java code, j=interpreted, Vv=VM code, C=native code)
V  [jvm.dll+0x257509]


siginfo: EXCEPTION_ACCESS_VIOLATION (0xc0000005), reading address 0x000001c4068e4d58


Register to memory mapping:

RIP=0x00007ff996d67509 jvm.dll
RAX=0x0000000000194140 is an unknown value
RBX=0x000001c406750040 is pointing into metadata
RCX=0x000001c406750c18 is pointing into metadata
RDX=0x000000000000ca09 is an unknown value
RSP=0x00000007049febc8 points into unknown readable memory: 8e 75 d6 96 f9 7f 00 00
RBP=0x00000007049ff140 points into unknown readable memory: f8 87 ec 7e c4 01 00 00
RSI=0x00000007049ff2b0 points into unknown readable memory: d8 2b 3d 97 f9 7f 00 00
RDI=0x00000007049ff2b0 points into unknown readable memory: d8 2b 3d 97 f9 7f 00 00
R8 =0x0 is NULL
R9 =0x000001c406750040 is pointing into metadata
R10=0x00007ff996b10000 jvm.dll
R11=0x000001c47f950980 points into unknown readable memory: 00 00 00 47 01 00 00 47
R12=0x000001c47f9507c0 points into unknown readable memory: 00 00 00 00 b1 00 00 00
R13=0x0000000000000230 is an unknown value
R14=0x000001c406750983 is pointing into metadata
R15=0x00000000000000c3 is an unknown value


Registers:
RAX=0x0000000000194140, RBX=0x000001c406750040, RCX=0x000001c406750c18, RDX=0x000000000000ca09
RSP=0x00000007049febc8, RBP=0x00000007049ff140, RSI=0x00000007049ff2b0, RDI=0x00000007049ff2b0
R8 =0x0000000000000000, R9 =0x000001c406750040, R10=0x00007ff996b10000, R11=0x000001c47f950980
R12=0x000001c47f9507c0, R13=0x0000000000000230, R14=0x000001c406750983, R15=0x00000000000000c3
RIP=0x00007ff996d67509, EFLAGS=0x0000000000010202

Top of Stack: (sp=0x00000007049febc8)
0x00000007049febc8:   00007ff996d6758e 00000007049fec30
0x00000007049febd8:   00000007049fed40 000001c466ff0070
0x00000007049febe8:   00007ff9971ca388 0000000000000000
0x00000007049febf8:   00007ff996e52bd0 0000000000000000
0x00000007049fec08:   00000007049ff2b0 00000007049ff1e0
0x00000007049fec18:   00007ff9971c9c3a 00000007049fec80
0x00000007049fec28:   000001c466ff0070 00007ff9973950a8
0x00000007049fec38:   000001c47edf0ad8 0000000000000014
0x00000007049fec48:   00007ff90000000e 00000007049fec70
0x00000007049fec58:   0000000700000002 0000000000000000
0x00000007049fec68:   000001c47eec8508 4fffffff4fffffff
0x00000007049fec78:   00007ff9d485648b 00007ff9973950a8
0x00000007049fec88:   000001c47edf4a90 0000000000000003
0x00000007049fec98:   00007ff90000000c 00000007049ff268
0x00000007049feca8:   00007ff9d4854471 00000007049fee00
0x00000007049fecb8:   00000007049feea0 000001c466ff15a0 

Instructions: (pc=0x00007ff996d67509)
0x00007ff996d674e9:   c2 48 ff c0 48 c1 e0 05 48 8b 04 08 0f b7 c8 41
0x00007ff996d674f9:   0f b7 44 c9 42 c3 48 63 c2 48 ff c0 48 c1 e0 05
0x00007ff996d67509:   48 8b 04 08 0f b7 d0 48 63 c2 41 0f b7 44 c1 42
0x00007ff996d67519:   c3 49 8b 41 08 48 63 ca 0f b6 44 01 04 3c 12 74 


Stack slot to memory mapping:
stack at sp + 0 slots: 0x00007ff996d6758e jvm.dll
stack at sp + 1 slots: 0x00000007049fec30 points into unknown readable memory: a8 50 39 97 f9 7f 00 00
stack at sp + 2 slots: 0x00000007049fed40 points into unknown readable memory: a0 15 ff 66 c4 01 00 00
stack at sp + 3 slots: 0x000001c466ff0070 points into unknown readable memory: 45 78 65 63 75 74 69 6e
stack at sp + 4 slots: 0x00007ff9971ca388 jvm.dll
stack at sp + 5 slots: 0x0 is NULL
stack at sp + 6 slots: 0x00007ff996e52bd0 jvm.dll
stack at sp + 7 slots: 0x0 is NULL

VM_Operation (0x00000007052feec0): GetOrSetLocal, mode: safepoint, requested by thread 0x000001c47fad2000


---------------  P R O C E S S  ---------------

Threads class SMR info:
_java_thread_list=0x000001c47fb21a10, length=13, elements={
0x000001c466ff6000, 0x000001c47ef45800, 0x000001c47ef3d800, 0x000001c47ef51000,
0x000001c47ef52000, 0x000001c47ef54800, 0x000001c47ef5c800, 0x000001c47ef63000,
0x000001c47fa0a000, 0x000001c47fad2000, 0x000001c47fad8800, 0x000001c47fadb800,
0x000001c47fb4c000
}

Java Threads: ( => current thread )
  0x000001c466ff6000 JavaThread "main" [_thread_blocked, id=14844, stack(0x0000000704300000,0x0000000704400000)]
  0x000001c47ef45800 JavaThread "Reference Handler" daemon [_thread_blocked, id=12360, stack(0x0000000704a00000,0x0000000704b00000)]
  0x000001c47ef3d800 JavaThread "Finalizer" daemon [_thread_blocked, id=16164, stack(0x0000000704b00000,0x0000000704c00000)]
  0x000001c47ef51000 JavaThread "Signal Dispatcher" daemon [_thread_blocked, id=1652, stack(0x0000000704c00000,0x0000000704d00000)]
  0x000001c47ef52000 JavaThread "Attach Listener" daemon [_thread_blocked, id=15500, stack(0x0000000704d00000,0x0000000704e00000)]
  0x000001c47ef54800 JavaThread "C2 CompilerThread0" daemon [_thread_blocked, id=6632, stack(0x0000000704e00000,0x0000000704f00000)]
  0x000001c47ef5c800 JavaThread "C1 CompilerThread0" daemon [_thread_blocked, id=12468, stack(0x0000000704f00000,0x0000000705000000)]
  0x000001c47ef63000 JavaThread "Sweeper thread" daemon [_thread_blocked, id=12704, stack(0x0000000705000000,0x0000000705100000)]
  0x000001c47fa0a000 JavaThread "Common-Cleaner" daemon [_thread_blocked, id=13868, stack(0x0000000705100000,0x0000000705200000)]
  0x000001c47fad2000 JavaThread "JDWP Transport Listener: dt_socket" daemon [_thread_blocked, id=10108, stack(0x0000000705200000,0x0000000705300000)] _threads_hazard_ptr=0x000001c47fb21a10
  0x000001c47fad8800 JavaThread "JDWP Event Helper Thread" daemon [_thread_blocked, id=14996, stack(0x0000000705300000,0x0000000705400000)]
  0x000001c47fadb800 JavaThread "JDWP Command Reader" daemon [_thread_in_native, id=7536, stack(0x0000000705400000,0x0000000705500000)]
  0x000001c47fb4c000 JavaThread "Service Thread" daemon [_thread_blocked, id=10836, stack(0x0000000705500000,0x0000000705600000)]

Other Threads:
=>0x000001c47ef0b000 VMThread "VM Thread" [stack: 0x0000000704900000,0x0000000704a00000] [id=2792]
  0x000001c47fb4d000 WatcherThread [stack: 0x0000000705600000,0x0000000705700000] [id=12764]
  0x000001c46700d000 GCTaskThread "GC Thread#0" [stack: 0x0000000704400000,0x0000000704500000] [id=14940]
  0x000001c46703c000 ConcurrentGCThread "G1 Main Marker" [stack: 0x0000000704500000,0x0000000704600000] [id=996]
  0x000001c46703f000 ConcurrentGCThread "G1 Conc#0" [stack: 0x0000000704600000,0x0000000704700000] [id=15268]
  0x000001c4670c7000 ConcurrentGCThread "G1 Refine#0" [stack: 0x0000000704700000,0x0000000704800000] [id=764]
  0x000001c4670c9000 ConcurrentGCThread "G1 Young RemSet Sampling" [stack: 0x0000000704800000,0x0000000704900000] [id=536]

Threads with active compile tasks:

VM state:at safepoint (normal execution)

VM Mutex/Monitor currently owned by a thread:  ([mutex/lock_event])
[0x000001c466ff4e10] Threads_lock - owner thread: 0x000001c47ef0b000

Heap address: 0x0000000081800000, size: 2024 MB, Compressed Oops mode: 32-bit
Narrow klass base: 0x0000000000000000, Narrow klass shift: 3
Compressed class space size: 1073741824 Address: 0x0000000100000000

Heap:
 garbage-first heap   total 131072K, used 4096K [0x0000000081800000, 0x0000000100000000)
  region size 1024K, 6 young (6144K), 0 survivors (0K)
 Metaspace       used 9725K, capacity 9851K, committed 9984K, reserved 1058816K
  class space    used 867K, capacity 916K, committed 1024K, reserved 1048576K
Heap Regions: E=young(eden), S=young(survivor), O=old, HS=humongous(starts), HC=humongous(continues), CS=collection set, F=free, A=archive, TAMS=top-at-mark-start (previous, next)
|   0|0x0000000081800000, 0x0000000081800000, 0x0000000081900000|  0%| F|  |TAMS 0x0000000081800000, 0x0000000081800000| Untracked 
|   1|0x0000000081900000, 0x0000000081900000, 0x0000000081a00000|  0%| F|  |TAMS 0x0000000081900000, 0x0000000081900000| Untracked 
|   2|0x0000000081a00000, 0x0000000081a00000, 0x0000000081b00000|  0%| F|  |TAMS 0x0000000081a00000, 0x0000000081a00000| Untracked 
|   3|0x0000000081b00000, 0x0000000081b00000, 0x0000000081c00000|  0%| F|  |TAMS 0x0000000081b00000, 0x0000000081b00000| Untracked 
|   4|0x0000000081c00000, 0x0000000081c00000, 0x0000000081d00000|  0%| F|  |TAMS 0x0000000081c00000, 0x0000000081c00000| Untracked 
|   5|0x0000000081d00000, 0x0000000081d00000, 0x0000000081e00000|  0%| F|  |TAMS 0x0000000081d00000, 0x0000000081d00000| Untracked 
|   6|0x0000000081e00000, 0x0000000081e00000, 0x0000000081f00000|  0%| F|  |TAMS 0x0000000081e00000, 0x0000000081e00000| Untracked 
|   7|0x0000000081f00000, 0x0000000081f00000, 0x0000000082000000|  0%| F|  |TAMS 0x0000000081f00000, 0x0000000081f00000| Untracked 
|   8|0x0000000082000000, 0x0000000082000000, 0x0000000082100000|  0%| F|  |TAMS 0x0000000082000000, 0x0000000082000000| Untracked 
|   9|0x0000000082100000, 0x0000000082100000, 0x0000000082200000|  0%| F|  |TAMS 0x0000000082100000, 0x0000000082100000| Untracked 
|  10|0x0000000082200000, 0x0000000082200000, 0x0000000082300000|  0%| F|  |TAMS 0x0000000082200000, 0x0000000082200000| Untracked 
|  11|0x0000000082300000, 0x0000000082300000, 0x0000000082400000|  0%| F|  |TAMS 0x0000000082300000, 0x0000000082300000| Untracked 
|  12|0x0000000082400000, 0x0000000082400000, 0x0000000082500000|  0%| F|  |TAMS 0x0000000082400000, 0x0000000082400000| Untracked 
|  13|0x0000000082500000, 0x0000000082500000, 0x0000000082600000|  0%| F|  |TAMS 0x0000000082500000, 0x0000000082500000| Untracked 
|  14|0x0000000082600000, 0x0000000082600000, 0x0000000082700000|  0%| F|  |TAMS 0x0000000082600000, 0x0000000082600000| Untracked 
|  15|0x0000000082700000, 0x0000000082700000, 0x0000000082800000|  0%| F|  |TAMS 0x0000000082700000, 0x0000000082700000| Untracked 
|  16|0x0000000082800000, 0x0000000082800000, 0x0000000082900000|  0%| F|  |TAMS 0x0000000082800000, 0x0000000082800000| Untracked 
|  17|0x0000000082900000, 0x0000000082900000, 0x0000000082a00000|  0%| F|  |TAMS 0x0000000082900000, 0x0000000082900000| Untracked 
|  18|0x0000000082a00000, 0x0000000082a00000, 0x0000000082b00000|  0%| F|  |TAMS 0x0000000082a00000, 0x0000000082a00000| Untracked 
|  19|0x0000000082b00000, 0x0000000082b00000, 0x0000000082c00000|  0%| F|  |TAMS 0x0000000082b00000, 0x0000000082b00000| Untracked 
|  20|0x0000000082c00000, 0x0000000082c00000, 0x0000000082d00000|  0%| F|  |TAMS 0x0000000082c00000, 0x0000000082c00000| Untracked 
|  21|0x0000000082d00000, 0x0000000082d00000, 0x0000000082e00000|  0%| F|  |TAMS 0x0000000082d00000, 0x0000000082d00000| Untracked 
|  22|0x0000000082e00000, 0x0000000082e00000, 0x0000000082f00000|  0%| F|  |TAMS 0x0000000082e00000, 0x0000000082e00000| Untracked 
|  23|0x0000000082f00000, 0x0000000082f00000, 0x0000000083000000|  0%| F|  |TAMS 0x0000000082f00000, 0x0000000082f00000| Untracked 
|  24|0x0000000083000000, 0x0000000083000000, 0x0000000083100000|  0%| F|  |TAMS 0x0000000083000000, 0x0000000083000000| Untracked 
|  25|0x0000000083100000, 0x0000000083100000, 0x0000000083200000|  0%| F|  |TAMS 0x0000000083100000, 0x0000000083100000| Untracked 
|  26|0x0000000083200000, 0x0000000083200000, 0x0000000083300000|  0%| F|  |TAMS 0x0000000083200000, 0x0000000083200000| Untracked 
|  27|0x0000000083300000, 0x0000000083300000, 0x0000000083400000|  0%| F|  |TAMS 0x0000000083300000, 0x0000000083300000| Untracked 
|  28|0x0000000083400000, 0x0000000083400000, 0x0000000083500000|  0%| F|  |TAMS 0x0000000083400000, 0x0000000083400000| Untracked 
|  29|0x0000000083500000, 0x0000000083500000, 0x0000000083600000|  0%| F|  |TAMS 0x0000000083500000, 0x0000000083500000| Untracked 
|  30|0x0000000083600000, 0x0000000083600000, 0x0000000083700000|  0%| F|  |TAMS 0x0000000083600000, 0x0000000083600000| Untracked 
|  31|0x0000000083700000, 0x0000000083700000, 0x0000000083800000|  0%| F|  |TAMS 0x0000000083700000, 0x0000000083700000| Untracked 
|  32|0x0000000083800000, 0x0000000083800000, 0x0000000083900000|  0%| F|  |TAMS 0x0000000083800000, 0x0000000083800000| Untracked 
|  33|0x0000000083900000, 0x0000000083900000, 0x0000000083a00000|  0%| F|  |TAMS 0x0000000083900000, 0x0000000083900000| Untracked 
|  34|0x0000000083a00000, 0x0000000083a00000, 0x0000000083b00000|  0%| F|  |TAMS 0x0000000083a00000, 0x0000000083a00000| Untracked 
|  35|0x0000000083b00000, 0x0000000083b00000, 0x0000000083c00000|  0%| F|  |TAMS 0x0000000083b00000, 0x0000000083b00000| Untracked 
|  36|0x0000000083c00000, 0x0000000083c00000, 0x0000000083d00000|  0%| F|  |TAMS 0x0000000083c00000, 0x0000000083c00000| Untracked 
|  37|0x0000000083d00000, 0x0000000083d00000, 0x0000000083e00000|  0%| F|  |TAMS 0x0000000083d00000, 0x0000000083d00000| Untracked 
|  38|0x0000000083e00000, 0x0000000083e00000, 0x0000000083f00000|  0%| F|  |TAMS 0x0000000083e00000, 0x0000000083e00000| Untracked 
|  39|0x0000000083f00000, 0x0000000083f00000, 0x0000000084000000|  0%| F|  |TAMS 0x0000000083f00000, 0x0000000083f00000| Untracked 
|  40|0x0000000084000000, 0x0000000084000000, 0x0000000084100000|  0%| F|  |TAMS 0x0000000084000000, 0x0000000084000000| Untracked 
|  41|0x0000000084100000, 0x0000000084100000, 0x0000000084200000|  0%| F|  |TAMS 0x0000000084100000, 0x0000000084100000| Untracked 
|  42|0x0000000084200000, 0x0000000084200000, 0x0000000084300000|  0%| F|  |TAMS 0x0000000084200000, 0x0000000084200000| Untracked 
|  43|0x0000000084300000, 0x0000000084300000, 0x0000000084400000|  0%| F|  |TAMS 0x0000000084300000, 0x0000000084300000| Untracked 
|  44|0x0000000084400000, 0x0000000084400000, 0x0000000084500000|  0%| F|  |TAMS 0x0000000084400000, 0x0000000084400000| Untracked 
|  45|0x0000000084500000, 0x0000000084500000, 0x0000000084600000|  0%| F|  |TAMS 0x0000000084500000, 0x0000000084500000| Untracked 
|  46|0x0000000084600000, 0x0000000084600000, 0x0000000084700000|  0%| F|  |TAMS 0x0000000084600000, 0x0000000084600000| Untracked 
|  47|0x0000000084700000, 0x0000000084700000, 0x0000000084800000|  0%| F|  |TAMS 0x0000000084700000, 0x0000000084700000| Untracked 
|  48|0x0000000084800000, 0x0000000084800000, 0x0000000084900000|  0%| F|  |TAMS 0x0000000084800000, 0x0000000084800000| Untracked 
|  49|0x0000000084900000, 0x0000000084900000, 0x0000000084a00000|  0%| F|  |TAMS 0x0000000084900000, 0x0000000084900000| Untracked 
|  50|0x0000000084a00000, 0x0000000084a00000, 0x0000000084b00000|  0%| F|  |TAMS 0x0000000084a00000, 0x0000000084a00000| Untracked 
|  51|0x0000000084b00000, 0x0000000084b00000, 0x0000000084c00000|  0%| F|  |TAMS 0x0000000084b00000, 0x0000000084b00000| Untracked 
|  52|0x0000000084c00000, 0x0000000084c00000, 0x0000000084d00000|  0%| F|  |TAMS 0x0000000084c00000, 0x0000000084c00000| Untracked 
|  53|0x0000000084d00000, 0x0000000084d00000, 0x0000000084e00000|  0%| F|  |TAMS 0x0000000084d00000, 0x0000000084d00000| Untracked 
|  54|0x0000000084e00000, 0x0000000084e00000, 0x0000000084f00000|  0%| F|  |TAMS 0x0000000084e00000, 0x0000000084e00000| Untracked 
|  55|0x0000000084f00000, 0x0000000084f00000, 0x0000000085000000|  0%| F|  |TAMS 0x0000000084f00000, 0x0000000084f00000| Untracked 
|  56|0x0000000085000000, 0x0000000085000000, 0x0000000085100000|  0%| F|  |TAMS 0x0000000085000000, 0x0000000085000000| Untracked 
|  57|0x0000000085100000, 0x0000000085100000, 0x0000000085200000|  0%| F|  |TAMS 0x0000000085100000, 0x0000000085100000| Untracked 
|  58|0x0000000085200000, 0x0000000085200000, 0x0000000085300000|  0%| F|  |TAMS 0x0000000085200000, 0x0000000085200000| Untracked 
|  59|0x0000000085300000, 0x0000000085300000, 0x0000000085400000|  0%| F|  |TAMS 0x0000000085300000, 0x0000000085300000| Untracked 
|  60|0x0000000085400000, 0x0000000085400000, 0x0000000085500000|  0%| F|  |TAMS 0x0000000085400000, 0x0000000085400000| Untracked 
|  61|0x0000000085500000, 0x0000000085500000, 0x0000000085600000|  0%| F|  |TAMS 0x0000000085500000, 0x0000000085500000| Untracked 
|  62|0x0000000085600000, 0x0000000085600000, 0x0000000085700000|  0%| F|  |TAMS 0x0000000085600000, 0x0000000085600000| Untracked 
|  63|0x0000000085700000, 0x0000000085700000, 0x0000000085800000|  0%| F|  |TAMS 0x0000000085700000, 0x0000000085700000| Untracked 
|  64|0x0000000085800000, 0x0000000085800000, 0x0000000085900000|  0%| F|  |TAMS 0x0000000085800000, 0x0000000085800000| Untracked 
|  65|0x0000000085900000, 0x0000000085900000, 0x0000000085a00000|  0%| F|  |TAMS 0x0000000085900000, 0x0000000085900000| Untracked 
|  66|0x0000000085a00000, 0x0000000085a00000, 0x0000000085b00000|  0%| F|  |TAMS 0x0000000085a00000, 0x0000000085a00000| Untracked 
|  67|0x0000000085b00000, 0x0000000085b00000, 0x0000000085c00000|  0%| F|  |TAMS 0x0000000085b00000, 0x0000000085b00000| Untracked 
|  68|0x0000000085c00000, 0x0000000085c00000, 0x0000000085d00000|  0%| F|  |TAMS 0x0000000085c00000, 0x0000000085c00000| Untracked 
|  69|0x0000000085d00000, 0x0000000085d00000, 0x0000000085e00000|  0%| F|  |TAMS 0x0000000085d00000, 0x0000000085d00000| Untracked 
|  70|0x0000000085e00000, 0x0000000085e00000, 0x0000000085f00000|  0%| F|  |TAMS 0x0000000085e00000, 0x0000000085e00000| Untracked 
|  71|0x0000000085f00000, 0x0000000085f00000, 0x0000000086000000|  0%| F|  |TAMS 0x0000000085f00000, 0x0000000085f00000| Untracked 
|  72|0x0000000086000000, 0x0000000086000000, 0x0000000086100000|  0%| F|  |TAMS 0x0000000086000000, 0x0000000086000000| Untracked 
|  73|0x0000000086100000, 0x0000000086100000, 0x0000000086200000|  0%| F|  |TAMS 0x0000000086100000, 0x0000000086100000| Untracked 
|  74|0x0000000086200000, 0x0000000086200000, 0x0000000086300000|  0%| F|  |TAMS 0x0000000086200000, 0x0000000086200000| Untracked 
|  75|0x0000000086300000, 0x0000000086300000, 0x0000000086400000|  0%| F|  |TAMS 0x0000000086300000, 0x0000000086300000| Untracked 
|  76|0x0000000086400000, 0x0000000086400000, 0x0000000086500000|  0%| F|  |TAMS 0x0000000086400000, 0x0000000086400000| Untracked 
|  77|0x0000000086500000, 0x0000000086500000, 0x0000000086600000|  0%| F|  |TAMS 0x0000000086500000, 0x0000000086500000| Untracked 
|  78|0x0000000086600000, 0x0000000086600000, 0x0000000086700000|  0%| F|  |TAMS 0x0000000086600000, 0x0000000086600000| Untracked 
|  79|0x0000000086700000, 0x0000000086700000, 0x0000000086800000|  0%| F|  |TAMS 0x0000000086700000, 0x0000000086700000| Untracked 
|  80|0x0000000086800000, 0x0000000086800000, 0x0000000086900000|  0%| F|  |TAMS 0x0000000086800000, 0x0000000086800000| Untracked 
|  81|0x0000000086900000, 0x0000000086900000, 0x0000000086a00000|  0%| F|  |TAMS 0x0000000086900000, 0x0000000086900000| Untracked 
|  82|0x0000000086a00000, 0x0000000086a00000, 0x0000000086b00000|  0%| F|  |TAMS 0x0000000086a00000, 0x0000000086a00000| Untracked 
|  83|0x0000000086b00000, 0x0000000086b00000, 0x0000000086c00000|  0%| F|  |TAMS 0x0000000086b00000, 0x0000000086b00000| Untracked 
|  84|0x0000000086c00000, 0x0000000086c00000, 0x0000000086d00000|  0%| F|  |TAMS 0x0000000086c00000, 0x0000000086c00000| Untracked 
|  85|0x0000000086d00000, 0x0000000086d00000, 0x0000000086e00000|  0%| F|  |TAMS 0x0000000086d00000, 0x0000000086d00000| Untracked 
|  86|0x0000000086e00000, 0x0000000086e00000, 0x0000000086f00000|  0%| F|  |TAMS 0x0000000086e00000, 0x0000000086e00000| Untracked 
|  87|0x0000000086f00000, 0x0000000086f00000, 0x0000000087000000|  0%| F|  |TAMS 0x0000000086f00000, 0x0000000086f00000| Untracked 
|  88|0x0000000087000000, 0x0000000087000000, 0x0000000087100000|  0%| F|  |TAMS 0x0000000087000000, 0x0000000087000000| Untracked 
|  89|0x0000000087100000, 0x0000000087100000, 0x0000000087200000|  0%| F|  |TAMS 0x0000000087100000, 0x0000000087100000| Untracked 
|  90|0x0000000087200000, 0x0000000087200000, 0x0000000087300000|  0%| F|  |TAMS 0x0000000087200000, 0x0000000087200000| Untracked 
|  91|0x0000000087300000, 0x0000000087300000, 0x0000000087400000|  0%| F|  |TAMS 0x0000000087300000, 0x0000000087300000| Untracked 
|  92|0x0000000087400000, 0x0000000087400000, 0x0000000087500000|  0%| F|  |TAMS 0x0000000087400000, 0x0000000087400000| Untracked 
|  93|0x0000000087500000, 0x0000000087500000, 0x0000000087600000|  0%| F|  |TAMS 0x0000000087500000, 0x0000000087500000| Untracked 
|  94|0x0000000087600000, 0x0000000087600000, 0x0000000087700000|  0%| F|  |TAMS 0x0000000087600000, 0x0000000087600000| Untracked 
|  95|0x0000000087700000, 0x0000000087700000, 0x0000000087800000|  0%| F|  |TAMS 0x0000000087700000, 0x0000000087700000| Untracked 
|  96|0x0000000087800000, 0x0000000087800000, 0x0000000087900000|  0%| F|  |TAMS 0x0000000087800000, 0x0000000087800000| Untracked 
|  97|0x0000000087900000, 0x0000000087900000, 0x0000000087a00000|  0%| F|  |TAMS 0x0000000087900000, 0x0000000087900000| Untracked 
|  98|0x0000000087a00000, 0x0000000087a00000, 0x0000000087b00000|  0%| F|  |TAMS 0x0000000087a00000, 0x0000000087a00000| Untracked 
|  99|0x0000000087b00000, 0x0000000087b00000, 0x0000000087c00000|  0%| F|  |TAMS 0x0000000087b00000, 0x0000000087b00000| Untracked 
| 100|0x0000000087c00000, 0x0000000087c00000, 0x0000000087d00000|  0%| F|  |TAMS 0x0000000087c00000, 0x0000000087c00000| Untracked 
| 101|0x0000000087d00000, 0x0000000087d00000, 0x0000000087e00000|  0%| F|  |TAMS 0x0000000087d00000, 0x0000000087d00000| Untracked 
| 102|0x0000000087e00000, 0x0000000087e00000, 0x0000000087f00000|  0%| F|  |TAMS 0x0000000087e00000, 0x0000000087e00000| Untracked 
| 103|0x0000000087f00000, 0x0000000087f00000, 0x0000000088000000|  0%| F|  |TAMS 0x0000000087f00000, 0x0000000087f00000| Untracked 
| 104|0x0000000088000000, 0x0000000088000000, 0x0000000088100000|  0%| F|  |TAMS 0x0000000088000000, 0x0000000088000000| Untracked 
| 105|0x0000000088100000, 0x0000000088100000, 0x0000000088200000|  0%| F|  |TAMS 0x0000000088100000, 0x0000000088100000| Untracked 
| 106|0x0000000088200000, 0x0000000088200000, 0x0000000088300000|  0%| F|  |TAMS 0x0000000088200000, 0x0000000088200000| Untracked 
| 107|0x0000000088300000, 0x0000000088300000, 0x0000000088400000|  0%| F|  |TAMS 0x0000000088300000, 0x0000000088300000| Untracked 
| 108|0x0000000088400000, 0x0000000088400000, 0x0000000088500000|  0%| F|  |TAMS 0x0000000088400000, 0x0000000088400000| Untracked 
| 109|0x0000000088500000, 0x0000000088500000, 0x0000000088600000|  0%| F|  |TAMS 0x0000000088500000, 0x0000000088500000| Untracked 
| 110|0x0000000088600000, 0x0000000088600000, 0x0000000088700000|  0%| F|  |TAMS 0x0000000088600000, 0x0000000088600000| Untracked 
| 111|0x0000000088700000, 0x0000000088700000, 0x0000000088800000|  0%| F|  |TAMS 0x0000000088700000, 0x0000000088700000| Untracked 
| 112|0x0000000088800000, 0x0000000088800000, 0x0000000088900000|  0%| F|  |TAMS 0x0000000088800000, 0x0000000088800000| Untracked 
| 113|0x0000000088900000, 0x0000000088900000, 0x0000000088a00000|  0%| F|  |TAMS 0x0000000088900000, 0x0000000088900000| Untracked 
| 114|0x0000000088a00000, 0x0000000088a00000, 0x0000000088b00000|  0%| F|  |TAMS 0x0000000088a00000, 0x0000000088a00000| Untracked 
| 115|0x0000000088b00000, 0x0000000088b00000, 0x0000000088c00000|  0%| F|  |TAMS 0x0000000088b00000, 0x0000000088b00000| Untracked 
| 116|0x0000000088c00000, 0x0000000088c00000, 0x0000000088d00000|  0%| F|  |TAMS 0x0000000088c00000, 0x0000000088c00000| Untracked 
| 117|0x0000000088d00000, 0x0000000088d00000, 0x0000000088e00000|  0%| F|  |TAMS 0x0000000088d00000, 0x0000000088d00000| Untracked 
| 118|0x0000000088e00000, 0x0000000088e00000, 0x0000000088f00000|  0%| F|  |TAMS 0x0000000088e00000, 0x0000000088e00000| Untracked 
| 119|0x0000000088f00000, 0x0000000088f00000, 0x0000000089000000|  0%| F|  |TAMS 0x0000000088f00000, 0x0000000088f00000| Untracked 
| 120|0x0000000089000000, 0x0000000089000000, 0x0000000089100000|  0%| F|  |TAMS 0x0000000089000000, 0x0000000089000000| Untracked 
| 121|0x0000000089100000, 0x0000000089100000, 0x0000000089200000|  0%| F|  |TAMS 0x0000000089100000, 0x0000000089100000| Untracked 
| 122|0x0000000089200000, 0x000000008926fb80, 0x0000000089300000| 43%| E|  |TAMS 0x0000000089200000, 0x0000000089200000| Complete 
| 123|0x0000000089300000, 0x0000000089400000, 0x0000000089400000|100%| E|CS|TAMS 0x0000000089300000, 0x0000000089300000| Complete 
| 124|0x0000000089400000, 0x0000000089500000, 0x0000000089500000|100%| E|  |TAMS 0x0000000089400000, 0x0000000089400000| Complete 
| 125|0x0000000089500000, 0x0000000089600000, 0x0000000089600000|100%| E|CS|TAMS 0x0000000089500000, 0x0000000089500000| Complete 
| 126|0x0000000089600000, 0x0000000089700000, 0x0000000089700000|100%| E|CS|TAMS 0x0000000089600000, 0x0000000089600000| Complete 
| 127|0x0000000089700000, 0x0000000089800000, 0x0000000089800000|100%| E|CS|TAMS 0x0000000089700000, 0x0000000089700000| Complete 

Card table byte_map: [0x000001c47e360000,0x000001c47e760000] _byte_map_base: 0x000001c47df54000

Marking Bits (Prev, Next): (CMBitMap*) 0x000001c4670332e8, (CMBitMap*) 0x000001c467033320
 Prev Bits: [0x000001c400000000, 0x000001c401fa0000)
 Next Bits: [0x000001c401fa0000, 0x000001c403f40000)

Polling page: 0x000001c464f40000

Metaspace:

Usage:
  Non-class:      8.73 MB capacity,     8.65 MB (>99%) used,    67.80 KB ( <1%) free+waste,     9.06 KB ( <1%) overhead. 
      Class:    916.00 KB capacity,   867.05 KB ( 95%) used,    45.32 KB (  5%) free+waste,     3.63 KB ( <1%) overhead. 
       Both:      9.62 MB capacity,     9.50 MB ( 99%) used,   113.12 KB (  1%) free+waste,    12.69 KB ( <1%) overhead. 

Virtual space:
  Non-class space:       10.00 MB reserved,       8.75 MB ( 88%) committed 
      Class space:        1.00 GB reserved,       1.00 MB ( <1%) committed 
             Both:        1.01 GB reserved,       9.75 MB ( <1%) committed 

Chunk freelists:
   Non-Class:  3.13 KB
       Class:  1.50 KB
        Both:  4.63 KB

CodeHeap 'non-profiled nmethods': size=120064Kb used=133Kb max_used=133Kb free=119930Kb
 bounds [0x000001c476e20000, 0x000001c477090000, 0x000001c47e360000]
CodeHeap 'profiled nmethods': size=120000Kb used=677Kb max_used=677Kb free=119322Kb
 bounds [0x000001c46f8f0000, 0x000001c46fb60000, 0x000001c476e20000]
CodeHeap 'non-nmethods': size=5696Kb used=1146Kb max_used=1158Kb free=4549Kb
 bounds [0x000001c46f360000, 0x000001c46f5d0000, 0x000001c46f8f0000]
 total_blobs=953 nmethods=474 adapters=288
 compilation: enabled
              stopped_count=0, restarted_count=0
 full_count=0

Compilation events (10 events):
Event: 165.308 Thread 0x000001c47ef5c800  470       1       java.lang.Integer::intValue (5 bytes)
Event: 165.308 Thread 0x000001c47ef5c800 nmethod 470 0x000001c476e41290 code [0x000001c476e41440, 0x000001c476e41558]
Event: 265.232 Thread 0x000001c47ef5c800  471       3       org.eclipse.jdt.launching.internal.org.objectweb.asm.SymbolTable::addConstantUtf8Reference (101 bytes)
Event: 265.233 Thread 0x000001c47ef5c800 nmethod 471 0x000001c46f996d10 code [0x000001c46f996f60, 0x000001c46f997660]
Event: 265.233 Thread 0x000001c47ef5c800  472       3       org.eclipse.jdt.launching.internal.org.objectweb.asm.ClassReader::createDebugLabel (23 bytes)
Event: 265.233 Thread 0x000001c47ef5c800 nmethod 472 0x000001c46f997a10 code [0x000001c46f997c00, 0x000001c46f998158]
Event: 265.234 Thread 0x000001c47ef5c800  473       3       org.eclipse.jdt.launching.internal.org.objectweb.asm.ClassReader::readClass (7 bytes)
Event: 265.234 Thread 0x000001c47ef5c800 nmethod 473 0x000001c46f998390 code [0x000001c46f998580, 0x000001c46f998a50]
Event: 265.234 Thread 0x000001c47ef5c800  474       3       org.eclipse.jdt.launching.internal.org.objectweb.asm.ClassReader::readStringish (16 bytes)
Event: 265.235 Thread 0x000001c47ef5c800 nmethod 474 0x000001c46f998d10 code [0x000001c46f998f00, 0x000001c46f999350]

GC Heap History (0 events):
No events

Deoptimization events (2 events):
Event: 0.280 Thread 0x000001c466ff6000 Uncommon trap: reason=unstable_if action=reinterpret pc=0x000001c476e2ddd0 method=java.util.HashMap.putVal(ILjava/lang/Object;Ljava/lang/Object;ZZ)Ljava/lang/Object; @ 69 c2
Event: 0.568 Thread 0x000001c466ff6000 Uncommon trap: reason=unstable_if action=reinterpret pc=0x000001c476e2f678 method=java.lang.String.isLatin1()Z @ 10 c2

Classes redefined (2 events):
Event: 165.310 Thread 0x000001c47ef0b000 redefined class name=Solution, count=1
Event: 265.236 Thread 0x000001c47ef0b000 redefined class name=Solution, count=2

Internal exceptions (1 events):
Event: 0.664 Thread 0x000001c466ff6000 Exception <a 'java/lang/NoSuchMethodError'{0x0000000089388370}: java.lang.invoke.DirectMethodHandle$Holder.invokeSpecialIFC(Ljava/lang/Object;Ljava/lang/Object;I)I> (0x0000000089388370) thrown at [t:/workspace/open/src/hotspot/share/interpreter/linkResolv

Events (10 events):
Event: 269.603 Executing VM operation: GetCurrentContendedMonitor done
Event: 269.603 Executing VM operation: GetOwnedMonitorInfo
Event: 269.603 Executing VM operation: GetOwnedMonitorInfo done
Event: 269.605 Executing VM operation: GetCurrentContendedMonitor
Event: 269.605 Executing VM operation: GetCurrentContendedMonitor done
Event: 269.606 Executing VM operation: GetCurrentContendedMonitor
Event: 269.606 Executing VM operation: GetCurrentContendedMonitor done
Event: 269.606 Executing VM operation: GetOwnedMonitorInfo
Event: 269.606 Executing VM operation: GetOwnedMonitorInfo done
Event: 269.653 Executing VM operation: GetOrSetLocal


Dynamic libraries:
0x00007ff773ac0000 - 0x00007ff773b07000 	C:\Program Files\Java\jdk-11.0.5\bin\javaw.exe
0x00007ff9d6c20000 - 0x00007ff9d6e10000 	C:\Windows\SYSTEM32\ntdll.dll
0x00007ff9d50a0000 - 0x00007ff9d5152000 	C:\Windows\System32\KERNEL32.DLL
0x00007ff9d49f0000 - 0x00007ff9d4c93000 	C:\Windows\System32\KERNELBASE.dll
0x00007ff9d5300000 - 0x00007ff9d53a3000 	C:\Windows\System32\ADVAPI32.dll
0x00007ff9d5810000 - 0x00007ff9d58ae000 	C:\Windows\System32\msvcrt.dll
0x00007ff9d5610000 - 0x00007ff9d56a7000 	C:\Windows\System32\sechost.dll
0x00007ff9d4d80000 - 0x00007ff9d4ea0000 	C:\Windows\System32\RPCRT4.dll
0x00007ff9d5450000 - 0x00007ff9d55e4000 	C:\Windows\System32\USER32.dll
0x00007ff9d49a0000 - 0x00007ff9d49c1000 	C:\Windows\System32\win32u.dll
0x00007ff9d5420000 - 0x00007ff9d5446000 	C:\Windows\System32\GDI32.dll
0x00007ff9d3ea0000 - 0x00007ff9d4034000 	C:\Windows\System32\gdi32full.dll
0x00007ff9d3c30000 - 0x00007ff9d3cce000 	C:\Windows\System32\msvcp_win.dll
0x00007ff9d4840000 - 0x00007ff9d493a000 	C:\Windows\System32\ucrtbase.dll
0x00007ff9c63e0000 - 0x00007ff9c6665000 	C:\Windows\WinSxS\amd64_microsoft.windows.common-controls_6595b64144ccf1df_6.0.18362.476_none_e6c4b11b130f2595\COMCTL32.dll
0x00007ff9d58b0000 - 0x00007ff9d5be6000 	C:\Windows\System32\combase.dll
0x00007ff9c7bf0000 - 0x00007ff9c7bfa000 	C:\Windows\SYSTEM32\VERSION.dll
0x00007ff9d3e20000 - 0x00007ff9d3ea0000 	C:\Windows\System32\bcryptPrimitives.dll
0x00007ff9d5db0000 - 0x00007ff9d5dde000 	C:\Windows\System32\IMM32.DLL
0x00007ff9cfd60000 - 0x00007ff9cfd76000 	C:\Program Files\Java\jdk-11.0.5\bin\vcruntime140.dll
0x00007ff9c3570000 - 0x00007ff9c361a000 	C:\Program Files\Java\jdk-11.0.5\bin\msvcp140.dll
0x00007ff996b10000 - 0x00007ff997638000 	C:\Program Files\Java\jdk-11.0.5\bin\server\jvm.dll
0x00007ff9d5bf0000 - 0x00007ff9d5bf8000 	C:\Windows\System32\PSAPI.DLL
0x00007ff9d1eb0000 - 0x00007ff9d1eb9000 	C:\Windows\SYSTEM32\WSOCK32.dll
0x00007ff9d5030000 - 0x00007ff9d509f000 	C:\Windows\System32\WS2_32.dll
0x00007ff9d1d00000 - 0x00007ff9d1d24000 	C:\Windows\SYSTEM32\WINMM.dll
0x00007ff9d1bd0000 - 0x00007ff9d1bfd000 	C:\Windows\SYSTEM32\WINMMBASE.dll
0x00007ff9d4040000 - 0x00007ff9d408a000 	C:\Windows\System32\cfgmgr32.dll
0x00007ff9d3af0000 - 0x00007ff9d3b01000 	C:\Windows\System32\kernel.appcore.dll
0x00007ff9cc090000 - 0x00007ff9cc0a1000 	C:\Program Files\Java\jdk-11.0.5\bin\verify.dll
0x00007ff9c2960000 - 0x00007ff9c2b54000 	C:\Windows\SYSTEM32\DBGHELP.DLL
0x00007ff9c2790000 - 0x00007ff9c27ba000 	C:\Windows\SYSTEM32\dbgcore.DLL
0x00007ff9cc060000 - 0x00007ff9cc089000 	C:\Program Files\Java\jdk-11.0.5\bin\java.dll
0x00007ff9ca3d0000 - 0x00007ff9ca407000 	C:\Program Files\Java\jdk-11.0.5\bin\jdwp.dll
0x00007ff9cc0d0000 - 0x00007ff9cc0ff000 	C:\Program Files\Java\jdk-11.0.5\bin\instrument.dll
0x00007ff9c8630000 - 0x00007ff9c8646000 	C:\Program Files\Java\jdk-11.0.5\bin\zip.dll
0x00007ff9d1ca0000 - 0x00007ff9d1caa000 	C:\Program Files\Java\jdk-11.0.5\bin\jimage.dll
0x00007ff9d6440000 - 0x00007ff9d6b25000 	C:\Windows\System32\SHELL32.dll
0x00007ff9d4f70000 - 0x00007ff9d5019000 	C:\Windows\System32\shcore.dll
0x00007ff9d40c0000 - 0x00007ff9d483e000 	C:\Windows\System32\windows.storage.dll
0x00007ff9d3ad0000 - 0x00007ff9d3aef000 	C:\Windows\System32\profapi.dll
0x00007ff9d3b30000 - 0x00007ff9d3b7a000 	C:\Windows\System32\powrprof.dll
0x00007ff9d3ac0000 - 0x00007ff9d3ad0000 	C:\Windows\System32\UMPDC.dll
0x00007ff9d5f10000 - 0x00007ff9d5f62000 	C:\Windows\System32\shlwapi.dll
0x00007ff9d49d0000 - 0x00007ff9d49e7000 	C:\Windows\System32\cryptsp.dll
0x00007ff9d0390000 - 0x00007ff9d039a000 	C:\Program Files\Java\jdk-11.0.5\bin\dt_socket.dll
0x00007ff9d3280000 - 0x00007ff9d32e7000 	C:\Windows\System32\mswsock.dll
0x00007ff9d2fe0000 - 0x00007ff9d30aa000 	C:\Windows\SYSTEM32\DNSAPI.dll
0x00007ff9d4d70000 - 0x00007ff9d4d78000 	C:\Windows\System32\NSI.dll
0x00007ff9d2fa0000 - 0x00007ff9d2fda000 	C:\Windows\SYSTEM32\IPHLPAPI.DLL
0x00007ff9cccd0000 - 0x00007ff9ccd47000 	C:\Windows\System32\fwpuclnt.dll
0x00007ff9d4090000 - 0x00007ff9d40b6000 	C:\Windows\System32\bcrypt.dll
0x00007ff9c9370000 - 0x00007ff9c937a000 	C:\Windows\System32\rasadhlp.dll
0x00007ff9c8610000 - 0x00007ff9c8629000 	C:\Program Files\Java\jdk-11.0.5\bin\net.dll
0x00007ff9c9d40000 - 0x00007ff9c9e30000 	C:\Windows\SYSTEM32\WINHTTP.dll
0x00007ff9c85f0000 - 0x00007ff9c8603000 	C:\Program Files\Java\jdk-11.0.5\bin\nio.dll

dbghelp: loaded successfully - version: 4.0.5 - missing functions: none
symbol engine: initialized successfully - sym options: 0x614 - pdb path: .;C:\Program Files\Java\jdk-11.0.5\bin;C:\Windows\SYSTEM32;C:\Windows\WinSxS\amd64_microsoft.windows.common-controls_6595b64144ccf1df_6.0.18362.476_none_e6c4b11b130f2595;C:\Program Files\Java\jdk-11.0.5\bin\server

VM Arguments:
jvm_args: -agentlib:jdwp=transport=dt_socket,suspend=y,address=localhost:58554 -javaagent:C:\Users\sunda\eclipse\jee-2019-09\eclipse\configuration\org.eclipse.osgi\412\0\.cp\lib\javaagent-shaded.jar -Dfile.encoding=Cp1252 
java_command: Solution
java_class_path (initial): C:\Users\sunda\eclipse-workspace\NumbersProj\bin
Launcher Type: SUN_STANDARD

[Global flags]
     intx CICompilerCount                          = 2                                         {product} {ergonomic}
     uint ConcGCThreads                            = 1                                         {product} {ergonomic}
     uint G1ConcRefinementThreads                  = 2                                         {product} {ergonomic}
   size_t G1HeapRegionSize                         = 1048576                                   {product} {ergonomic}
    uintx GCDrainStackTargetSize                   = 64                                        {product} {ergonomic}
   size_t InitialHeapSize                          = 134217728                                 {product} {ergonomic}
   size_t MarkStackSize                            = 4194304                                   {product} {ergonomic}
   size_t MaxHeapSize                              = 2122317824                                {product} {ergonomic}
   size_t MaxNewSize                               = 1272971264                                {product} {ergonomic}
   size_t MinHeapDeltaBytes                        = 1048576                                   {product} {ergonomic}
    uintx NonNMethodCodeHeapSize                   = 5825164                                {pd product} {ergonomic}
    uintx NonProfiledCodeHeapSize                  = 122916538                              {pd product} {ergonomic}
    uintx ProfiledCodeHeapSize                     = 122916538                              {pd product} {ergonomic}
    uintx ReservedCodeCacheSize                    = 251658240                              {pd product} {ergonomic}
     bool SegmentedCodeCache                       = true                                      {product} {ergonomic}
     bool UseCompressedClassPointers               = true                                 {lp64_product} {ergonomic}
     bool UseCompressedOops                        = true                                 {lp64_product} {ergonomic}
     bool UseG1GC                                  = true                                      {product} {ergonomic}
     bool UseLargePagesIndividualAllocation        = false                                  {pd product} {ergonomic}

Logging:
Log output configuration:
 #0: stdout all=warning uptime,level,tags
 #1: stderr all=off uptime,level,tags

Environment Variables:
PATH=C:/Program Files/Java/jdk-11.0.5/bin/server;C:/Program Files/Java/jdk-11.0.5/bin;C:\ProgramData\DockerDesktop\version-bin;C:\Program Files\Docker\Docker\Resources\bin;C:\Program Files (x86)\Microsoft SDKs\Azure\CLI2\wbin;C:\Windows\system32;C:\Windows;C:\Windows\System32\Wbem;C:\Windows\System32\WindowsPowerShell\v1.0\;C:\Windows\System32\OpenSSH\;C:\Program Files\dotnet\;C:\Program Files\Microsoft SQL Server\130\Tools\Binn\;C:\Program Files\PuTTY\;C:\Program Files (x86)\Google\Cloud SDK\google-cloud-sdk\bin;C:\Program Files\Java\jdk-11.0.5\bin;C:\Users\sunda\AppData\Local\Microsoft\WindowsApps;C:\Users\sunda\AppData\Local\Google\Cloud SDK\google-cloud-sdk\bin;;C:\Users\sunda\eclipse\jee-2019-09\eclipse;
USERNAME=sunda
OS=Windows_NT
PROCESSOR_IDENTIFIER=Intel64 Family 6 Model 58 Stepping 9, GenuineIntel



---------------  S Y S T E M  ---------------

OS: Windows 10 , 64 bit Build 18362 (10.0.18362.329)

CPU:total 2 (initial active 2) (2 cores per cpu, 1 threads per core) family 6 model 58 stepping 9, cmov, cx8, fxsr, mmx, sse, sse2, sse3, ssse3, sse4.1, sse4.2, popcnt, clmul, erms, tsc, tscinvbit, tscinv

Memory: 4k page, system-wide physical 8092M (3440M free)
TotalPageFile size 10188M (AvailPageFile size 3416M)
current process WorkingSet (physical memory assigned to process): 51M, peak: 51M
current process commit charge ("private bytes"): 199M, peak: 200M

vm_info: Java HotSpot(TM) 64-Bit Server VM (11.0.5+10-LTS) for windows-amd64 JRE (11.0.5+10-LTS), built on Oct  6 2019 12:37:14 by "mach5one" with MS VC++ 15.5 (VS2017)

END.
